<?xml version="1.0" encoding="UTF-8"?>
<testsuite name="com.telran.ilcarro.tests.RegistrationTests" tests="1" skipped="0" failures="0" errors="0" timestamp="2022-08-29T12:03:57" hostname="MacBook-Air-Yulia.local" time="2.031">
  <properties/>
  <testcase name="registrationPositiveTest" classname="com.telran.ilcarro.tests.RegistrationTests" time="2.031"/>
  <system-out><![CDATA[{"first_name":"Test","second_name":"Testovich","registration_date":"2022-08-29","comments":[],"own_cars":[],"booked_cars":[],"history":[]}
]]></system-out>
  <system-err><![CDATA[]]></system-err>
</testsuite>
