<?xml version="1.0" encoding="UTF-8"?>
<testsuite name="com.telran.ilcarro.tests.DeleteTests" tests="1" skipped="0" failures="0" errors="0" timestamp="2022-08-29T19:30:40" hostname="MacBook-Air-Yulia.local" time="0.877">
  <properties/>
  <testcase name="deletePositiveTest" classname="com.telran.ilcarro.tests.DeleteTests" time="0.877"/>
  <system-out><![CDATA[]]></system-out>
  <system-err><![CDATA[]]></system-err>
</testsuite>
