<?xml version="1.0" encoding="UTF-8"?>
<testsuite name="com.telran.contacts.tests.ContactOkHttpTests" tests="1" skipped="0" failures="0" errors="0" timestamp="2022-08-18T10:17:07" hostname="MacBook-Air-Yulia.local" time="1.082">
  <properties/>
  <testcase name="loginTest" classname="com.telran.contacts.tests.ContactOkHttpTests" time="1.082"/>
  <system-out><![CDATA[eyJ0eXAiOiJKV1QiLCJhbGciOiJIUzI1NiJ9.eyJlbWFpbCI6InRlc3QxMDJAdGVzdC5jb20ifQ.Npf-xrwHZC21Ls2iIKzby8HeAxZTTN5u90-rXJc8O_w
]]></system-out>
  <system-err><![CDATA[]]></system-err>
</testsuite>
