<?xml version="1.0" encoding="UTF-8"?>
<testsuite name="com.telran.ilcarro.tests.RegistrationTests" tests="1" skipped="0" failures="0" errors="0" timestamp="2022-08-29T14:11:33" hostname="MacBook-Air-Yulia.local" time="2.074">
  <properties/>
  <testcase name="registrationSecondTimeNegativeTest" classname="com.telran.ilcarro.tests.RegistrationTests" time="2.074"/>
  <system-out><![CDATA[{"timestamp":"2022-08-29T14:11:35.292+0000","status":409,"error":"Conflict","message":"User exists","path":"/registration"}
]]></system-out>
  <system-err><![CDATA[]]></system-err>
</testsuite>
