<?xml version="1.0" encoding="UTF-8"?>
<testsuite name="com.telran.contacts.tests.ContactOkHttpTests" tests="1" skipped="0" failures="0" errors="0" timestamp="2022-08-23T10:18:00" hostname="MacBook-Air-Yulia.local" time="1.084">
  <properties/>
  <testcase name="loginNegativeTestWithInvalidEmail" classname="com.telran.contacts.tests.ContactOkHttpTests" time="1.084"/>
  <system-out><![CDATA[400
Password must contain at least one special symbol from ['$','~','-','_']!
]]></system-out>
  <system-err><![CDATA[]]></system-err>
</testsuite>
